[duruthemes.com/demo/html/travol/multipage-slideshow/index.html]
[backblue.gif]
[fade.gif]
[index.html]
[duruthemes.com/demo/html/travol/multipage-slideshow/img/favicon.png]
[duruthemes.com/demo/html/travol/multipage-slideshow/css/plugins.css]
[duruthemes.com/demo/html/travol/multipage-slideshow/css/style.css]
[duruthemes.com/demo/html/travol/multipage-slideshow/img/logo-light.png]
[duruthemes.com/demo/html/travol/multipage-slideshow/index2.html]
[duruthemes.com/demo/html/travol/multipage-slideshow/index3.html]
[duruthemes.com/demo/html/travol/multipage-slideshow/index4.html]
[duruthemes.com/demo/html/travol/multipage-slideshow/about.html]
[duruthemes.com/demo/html/travol/multipage-slideshow/tours.html]
[duruthemes.com/demo/html/travol/multipage-slideshow/tours2.html]
[duruthemes.com/demo/html/travol/multipage-slideshow/tours3.html]
[duruthemes.com/demo/html/travol/multipage-slideshow/destination.html]
[duruthemes.com/demo/html/travol/multipage-slideshow/gallery.html]
[duruthemes.com/demo/html/travol/multipage-slideshow/tour-details.html]
[duruthemes.com/demo/html/travol/multipage-slideshow/tour-search.html]
[duruthemes.com/demo/html/travol/multipage-slideshow/post.html]
[duruthemes.com/demo/html/travol/multipage-slideshow/coming-soon.html]
[duruthemes.com/demo/html/travol/multipage-slideshow/404.html]
[duruthemes.com/demo/html/travol/multipage-slideshow/blog.html]
[duruthemes.com/demo/html/travol/multipage-slideshow/blog2.html]
[duruthemes.com/demo/html/travol/multipage-slideshow/contact.html]
[duruthemes.com/demo/html/travol/multipage-slideshow/img/about.jpg]
[duruthemes.com/demo/html/travol/multipage-slideshow/img/tours/maldives1.jpg]
[duruthemes.com/demo/html/travol/multipage-slideshow/img/tours/italy1.jpg]
[duruthemes.com/demo/html/travol/multipage-slideshow/img/tours/france1.jpg]
[duruthemes.com/demo/html/travol/multipage-slideshow/img/tours/greece1.jpg]
[duruthemes.com/demo/html/travol/multipage-slideshow/img/tours/canada1.jpg]
[duruthemes.com/demo/html/travol/multipage-slideshow/img/destination/maldives1.jpg]
[duruthemes.com/demo/html/travol/multipage-slideshow/img/destination/canada1.jpg]
[duruthemes.com/demo/html/travol/multipage-slideshow/img/destination/italy1.jpg]
[duruthemes.com/demo/html/travol/multipage-slideshow/img/destination/greece1.jpg]
[duruthemes.com/demo/html/travol/multipage-slideshow/img/destination/france1.jpg]
[duruthemes.com/demo/html/travol/multipage-slideshow/img/destination/dubai1.jpg]
[duruthemes.com/demo/html/travol/multipage-slideshow/img/destination/rome1.jpg]
[duruthemes.com/demo/html/travol/multipage-slideshow/img/destination/venice1.jpg]
[duruthemes.com/demo/html/travol/multipage-slideshow/img/destination/milano.jpg]
[duruthemes.com/demo/html/travol/multipage-slideshow/img/destination/perugia1.jpg]
[duruthemes.com/demo/html/travol/multipage-slideshow/img/destination/parma1.jpg]
[duruthemes.com/demo/html/travol/multipage-slideshow/img/destination/aosta1.jpg]
[duruthemes.com/demo/html/travol/multipage-slideshow/img/destination/france-paris1.jpg]
[duruthemes.com/demo/html/travol/multipage-slideshow/img/destination/france-lyon1.jpg]
[duruthemes.com/demo/html/travol/multipage-slideshow/img/destination/france-cannes1.jpg]
[duruthemes.com/demo/html/travol/multipage-slideshow/img/destination/france-normandiya1.jpg]
[duruthemes.com/demo/html/travol/multipage-slideshow/img/destination/france-bordeaux1.jpg]
[duruthemes.com/demo/html/travol/multipage-slideshow/img/destination/france-marsielle1.jpg]
[duruthemes.com/demo/html/travol/multipage-slideshow/img/blog/1.jpg]
[duruthemes.com/demo/html/travol/multipage-slideshow/img/blog/2.jpg]
[duruthemes.com/demo/html/travol/multipage-slideshow/img/blog/3.jpg]
[duruthemes.com/demo/html/travol/multipage-slideshow/img/blog/4.jpg]
[duruthemes.com/demo/html/travol/multipage-slideshow/img/blog/5.jpg]
[duruthemes.com/demo/html/travol/multipage-slideshow/img/blog/6.jpg]
[duruthemes.com/demo/html/travol/multipage-slideshow/img/team/04.png]
[duruthemes.com/demo/html/travol/multipage-slideshow/img/team/05.png]
[duruthemes.com/demo/html/travol/multipage-slideshow/img/team/06.png]
[duruthemes.com/demo/html/travol/multipage-slideshow/img/clients/1.png]
[duruthemes.com/demo/html/travol/multipage-slideshow/img/clients/2.png]
[duruthemes.com/demo/html/travol/multipage-slideshow/img/clients/3.png]
[duruthemes.com/demo/html/travol/multipage-slideshow/img/clients/4.png]
[duruthemes.com/demo/html/travol/multipage-slideshow/js/jquery-3.6.3.min.js]
[duruthemes.com/demo/html/travol/multipage-slideshow/js/jquery-migrate-3.0.0.min.js]
[duruthemes.com/demo/html/travol/multipage-slideshow/js/modernizr-2.6.2.min.js]
[duruthemes.com/demo/html/travol/multipage-slideshow/js/imagesloaded.pkgd.min.js]
[duruthemes.com/demo/html/travol/multipage-slideshow/js/jquery.isotope.v3.0.2.js]
[duruthemes.com/demo/html/travol/multipage-slideshow/js/pace.js]
[duruthemes.com/demo/html/travol/multipage-slideshow/js/popper.min.js]
[duruthemes.com/demo/html/travol/multipage-slideshow/js/bootstrap.min.js]
[duruthemes.com/demo/html/travol/multipage-slideshow/js/scrollIt.min.js]
[duruthemes.com/demo/html/travol/multipage-slideshow/js/jquery.waypoints.min.js]
[duruthemes.com/demo/html/travol/multipage-slideshow/js/owl.carousel.min.js]
[duruthemes.com/demo/html/travol/multipage-slideshow/js/jquery.stellar.min.js]
[duruthemes.com/demo/html/travol/multipage-slideshow/js/jquery.magnific-popup.js]
[duruthemes.com/demo/html/travol/multipage-slideshow/js/YouTubePopUp.js]
[duruthemes.com/demo/html/travol/multipage-slideshow/js/select2.js]
[duruthemes.com/demo/html/travol/multipage-slideshow/js/jquery.counterup.min.js]
[duruthemes.com/demo/html/travol/multipage-slideshow/js/datepicker.js]
[duruthemes.com/demo/html/travol/multipage-slideshow/js/smooth-scroll.min.js]
[duruthemes.com/demo/html/travol/multipage-slideshow/js/vegas.slider.min.js]
[duruthemes.com/demo/html/travol/multipage-slideshow/js/custom.js]
[duruthemes.com/demo/html/travol/multipage-slideshow/index.html]
[duruthemes.com/demo/html/travol/multipage-slideshow/css/plugins/bootstrap.min.css]
[duruthemes.com/demo/html/travol/multipage-slideshow/css/plugins/owl.carousel.min.css]
[duruthemes.com/demo/html/travol/multipage-slideshow/css/plugins/owl.theme.default.min.css]
[duruthemes.com/demo/html/travol/multipage-slideshow/css/plugins/animate.min.css]
[duruthemes.com/demo/html/travol/multipage-slideshow/css/plugins/themify-icons.css]
[duruthemes.com/demo/html/travol/multipage-slideshow/css/plugins/flaticon.css]
[duruthemes.com/demo/html/travol/multipage-slideshow/css/plugins/magnific-popup.css]
[duruthemes.com/demo/html/travol/multipage-slideshow/css/plugins/YouTubePopUp.css]
[duruthemes.com/demo/html/travol/multipage-slideshow/css/plugins/select2.css]
[duruthemes.com/demo/html/travol/multipage-slideshow/css/plugins/datepicker.css]
[duruthemes.com/demo/html/travol/multipage-slideshow/css/plugins/vegas.slider.min.css]
[duruthemes.com/demo/html/travol/multipage-slideshow/css/plugins.css]
[duruthemes.com/demo/html/travol/multipage-slideshow/img/dots.png]
[duruthemes.com/demo/html/travol/multipage-slideshow/img/map1.png]
[duruthemes.com/demo/html/travol/multipage-slideshow/img/map2.png]
[duruthemes.com/demo/html/travol/multipage-slideshow/img/slider/8.jpg]
[duruthemes.com/demo/html/travol/multipage-slideshow/css/style.css]
[duruthemes.com/demo/html/travol/multipage-slideshow/img/tours/rome1.jpg]
[duruthemes.com/demo/html/travol/multipage-slideshow/img/tours/france2.jpg]
[duruthemes.com/demo/html/travol/multipage-slideshow/index2.html]
[duruthemes.com/demo/html/travol/multipage-slideshow/index3.html]
[duruthemes.com/demo/html/travol/multipage-slideshow/index4.html]
[duruthemes.com/demo/html/travol/multipage-slideshow/img/slider/15.jpg]
[duruthemes.com/demo/html/travol/multipage-slideshow/img/team/01.jpg]
[duruthemes.com/demo/html/travol/multipage-slideshow/img/team/02.jpg]
[duruthemes.com/demo/html/travol/multipage-slideshow/img/team/03.jpg]
[duruthemes.com/demo/html/travol/multipage-slideshow/about.html]
[duruthemes.com/demo/html/travol/multipage-slideshow/img/slider/2.jpg]
[duruthemes.com/demo/html/travol/multipage-slideshow/tours.html]
[duruthemes.com/demo/html/travol/multipage-slideshow/tours2.html]
[duruthemes.com/demo/html/travol/multipage-slideshow/tours3.html]
[duruthemes.com/demo/html/travol/multipage-slideshow/destination.html]
[duruthemes.com/demo/html/travol/multipage-slideshow/img/slider/11.jpg]
[duruthemes.com/demo/html/travol/multipage-slideshow/img/slider/16.jpg]
[duruthemes.com/demo/html/travol/multipage-slideshow/img/slider/17.jpg]
[duruthemes.com/demo/html/travol/multipage-slideshow/img/slider/3.jpg]
[duruthemes.com/demo/html/travol/multipage-slideshow/img/slider/1.jpg]
[duruthemes.com/demo/html/travol/multipage-slideshow/gallery.html]
[duruthemes.com/demo/html/travol/multipage-slideshow/img/tours/maldives2.jpg]
[duruthemes.com/demo/html/travol/multipage-slideshow/img/tours/maldives3.jpg]
[duruthemes.com/demo/html/travol/multipage-slideshow/img/tours/maldives4.jpg]
[duruthemes.com/demo/html/travol/multipage-slideshow/tour-details.html]
[duruthemes.com/demo/html/travol/multipage-slideshow/tour-search.html]
[duruthemes.com/demo/html/travol/multipage-slideshow/img/blog/22.jpg]
[duruthemes.com/demo/html/travol/multipage-slideshow/img/blog/33.jpg]
[duruthemes.com/demo/html/travol/multipage-slideshow/img/blog/44.jpg]
[duruthemes.com/demo/html/travol/multipage-slideshow/post.html]
[duruthemes.com/demo/html/travol/multipage-slideshow/coming-soon.html]
[duruthemes.com/demo/html/travol/multipage-slideshow/404.html]
[duruthemes.com/demo/html/travol/multipage-slideshow/blog.html]
[duruthemes.com/demo/html/travol/multipage-slideshow/img/blog/11.jpg]
[duruthemes.com/demo/html/travol/multipage-slideshow/blog2.html]
[duruthemes.com/demo/html/travol/multipage-slideshow/contact.html]
[duruthemes.com/demo/html/travol/multipage-slideshow/css/plugins/bootstrap.min.css]
[duruthemes.com/demo/html/travol/multipage-slideshow/css/plugins/owl.carousel.min.css]
[duruthemes.com/demo/html/travol/multipage-slideshow/css/plugins/owl.theme.default.min.css]
[duruthemes.com/demo/html/travol/multipage-slideshow/css/plugins/animate.min.css]
[duruthemes.com/demo/html/travol/multipage-slideshow/fonts/themify.eot]
[duruthemes.com/demo/html/travol/multipage-slideshow/fonts/themifyd41d.eot]
[duruthemes.com/demo/html/travol/multipage-slideshow/fonts/themify.woff]
[duruthemes.com/demo/html/travol/multipage-slideshow/fonts/themify.ttf]
[duruthemes.com/demo/html/travol/multipage-slideshow/css/plugins/themify-icons.css]
[duruthemes.com/demo/html/travol/multipage-slideshow/fonts/themify.svg]
[duruthemes.com/demo/html/travol/multipage-slideshow/fonts/Flaticon.eot]
[duruthemes.com/demo/html/travol/multipage-slideshow/fonts/Flaticond41d.eot]
[duruthemes.com/demo/html/travol/multipage-slideshow/fonts/Flaticon.woff]
[duruthemes.com/demo/html/travol/multipage-slideshow/fonts/Flaticon.ttf]
[duruthemes.com/demo/html/travol/multipage-slideshow/fonts/Flaticon.svg]
[duruthemes.com/demo/html/travol/multipage-slideshow/css/plugins/flaticon.css]
[duruthemes.com/demo/html/travol/multipage-slideshow/css/plugins/magnific-popup.css]
[duruthemes.com/demo/html/travol/multipage-slideshow/css/plugins/close.png]
[duruthemes.com/demo/html/travol/multipage-slideshow/css/plugins/YouTubePopUp.css]
[duruthemes.com/demo/html/travol/multipage-slideshow/css/plugins/select2.css]
[duruthemes.com/demo/html/travol/multipage-slideshow/css/plugins/datepicker.css]
[duruthemes.com/demo/html/travol/multipage-slideshow/css/plugins/vegas.slider.min.css]
[duruthemes.com/demo/html/travol/multipage-slideshow/img/blog/c.html]
[duruthemes.com/demo/html/travol/multipage-slideshow/img/blog/d.html]
[duruthemes.com/demo/html/travol/multipage-slideshow/css/plugins/owl.video.play.html]
[duruthemes.com/demo/html/travol/multipage-slideshow/fonts/themify.svg]
[duruthemes.com/demo/html/travol/multipage-slideshow/fonts/Flaticon.svg]
